<?xml version="1.0" encoding="ISO-8859-1"?>
<nf:rpc-reply xmlns:nf="urn:ietf:params:xml:ns:netconf:base:1.0" xmlns="http://www.cisco.com/nxos:1.0:if_manager">
 <nf:data>
  <show>
   <interface>
    <trunk>
     <__XML__OPT_Cmd_show_interface_trunk_module>
      <__XML__OPT_Cmd_show_interface_trunk___readonly__>
       <__readonly__>
        <TABLE_vtp_pruning>
         <ROW_vtp_pruning>
          <interface>Ethernet1/17</interface>
         </ROW_vtp_pruning>
        </TABLE_vtp_pruning>
        <TABLE_interface>
         <ROW_interface>
          <native>1</native>
          <status>trunking</status>
          <portchannel>--</portchannel>
         </ROW_interface>
        </TABLE_interface>
        <TABLE_vtp_pruning>
         <ROW_vtp_pruning>
          <interface>Ethernet1/19</interface>
         </ROW_vtp_pruning>
        </TABLE_vtp_pruning>
        <TABLE_interface>
         <ROW_interface>
          <native>18</native>
          <status>trunking</status>
          <portchannel>--</portchannel>
         </ROW_interface>
        </TABLE_interface>
        <TABLE_vtp_pruning>
         <ROW_vtp_pruning>
          <interface>Ethernet1/20</interface>
         </ROW_vtp_pruning>
        </TABLE_vtp_pruning>
        <TABLE_interface>
         <ROW_interface>
          <native>1</native>
          <status>trunking</status>
          <portchannel>--</portchannel>
         </ROW_interface>
        </TABLE_interface>
        <TABLE_vtp_pruning>
         <ROW_vtp_pruning>
          <interface>Ethernet1/21</interface>
         </ROW_vtp_pruning>
        </TABLE_vtp_pruning>
        <TABLE_interface>
         <ROW_interface>
          <native>1</native>
          <status>trunking</status>
          <portchannel>--</portchannel>
         </ROW_interface>
        </TABLE_interface>
        <TABLE_vtp_pruning>
         <ROW_vtp_pruning>
          <interface>Ethernet1/27</interface>
         </ROW_vtp_pruning>
        </TABLE_vtp_pruning>
        <TABLE_interface>
         <ROW_interface>
          <native>1</native>
          <status>trunking</status>
          <portchannel>--</portchannel>
         </ROW_interface>
        </TABLE_interface>
        <TABLE_vtp_pruning>
         <ROW_vtp_pruning>
          <interface>Ethernet1/29</interface>
         </ROW_vtp_pruning>
        </TABLE_vtp_pruning>
        <TABLE_interface>
         <ROW_interface>
          <native>1</native>
          <status>trnk-bndl</status>
          <portchannel>Po125</portchannel>
         </ROW_interface>
        </TABLE_interface>
        <TABLE_vtp_pruning>
         <ROW_vtp_pruning>
          <interface>Ethernet1/30</interface>
         </ROW_vtp_pruning>
        </TABLE_vtp_pruning>
        <TABLE_interface>
         <ROW_interface>
          <native>1</native>
          <status>trnk-bndl</status>
          <portchannel>Po125</portchannel>
         </ROW_interface>
        </TABLE_interface>
        <TABLE_vtp_pruning>
         <ROW_vtp_pruning>
          <interface>Ethernet1/31</interface>
         </ROW_vtp_pruning>
        </TABLE_vtp_pruning>
        <TABLE_interface>
         <ROW_interface>
          <native>1</native>
          <status>trnk-bndl</status>
          <portchannel>Po128</portchannel>
         </ROW_interface>
        </TABLE_interface>
        <TABLE_vtp_pruning>
         <ROW_vtp_pruning>
          <interface>port-channel125</interface>
         </ROW_vtp_pruning>
        </TABLE_vtp_pruning>
        <TABLE_interface>
         <ROW_interface>
          <native>1</native>
          <status>trunking</status>
          <portchannel>--</portchannel>
         </ROW_interface>
        </TABLE_interface>
        <TABLE_vtp_pruning>
         <ROW_vtp_pruning>
          <interface>port-channel128</interface>
         </ROW_vtp_pruning>
        </TABLE_vtp_pruning>
        <TABLE_interface>
         <ROW_interface>
          <native>1</native>
          <status>trunking</status>
          <portchannel>--</portchannel>
         </ROW_interface>
        </TABLE_interface>
        <TABLE_vtp_pruning>
         <ROW_vtp_pruning>
          <interface>Ethernet102/1/1</interface>
         </ROW_vtp_pruning>
        </TABLE_vtp_pruning>
        <TABLE_interface>
         <ROW_interface>
          <native>1</native>
          <status>trunking</status>
          <portchannel>--</portchannel>
         </ROW_interface>
        </TABLE_interface>
        <TABLE_vtp_pruning>
         <ROW_vtp_pruning>
          <interface>Ethernet102/1/2</interface>
         </ROW_vtp_pruning>
        </TABLE_vtp_pruning>
        <TABLE_interface>
         <ROW_interface>
          <native>20</native>
          <status>trunking</status>
          <portchannel>--</portchannel>
         </ROW_interface>
        </TABLE_interface>
        <TABLE_vtp_pruning>
         <ROW_vtp_pruning>
          <interface>Ethernet102/1/3</interface>
         </ROW_vtp_pruning>
        </TABLE_vtp_pruning>
        <TABLE_interface>
         <ROW_interface>
          <native>20</native>
          <status>trunking</status>
          <portchannel>--</portchannel>
         </ROW_interface>
        </TABLE_interface>
        <TABLE_vtp_pruning>
         <ROW_vtp_pruning>
          <interface>Ethernet1/17</interface>
         </ROW_vtp_pruning>
        </TABLE_vtp_pruning>
        <TABLE_allowed_vlans>
         <ROW_allowed_vlans>
          <allowedvlans>18,20,22-23,28,1002</allowedvlans>
         </ROW_allowed_vlans>
        </TABLE_allowed_vlans>
        <TABLE_vtp_pruning>
         <ROW_vtp_pruning>
          <interface>Ethernet1/19</interface>
         </ROW_vtp_pruning>
        </TABLE_vtp_pruning>
        <TABLE_allowed_vlans>
         <ROW_allowed_vlans>
          <allowedvlans>18,20,22-23,28,1002</allowedvlans>
         </ROW_allowed_vlans>
        </TABLE_allowed_vlans>
        <TABLE_vtp_pruning>
         <ROW_vtp_pruning>
          <interface>Ethernet1/20</interface>
         </ROW_vtp_pruning>
        </TABLE_vtp_pruning>
        <TABLE_allowed_vlans>
         <ROW_allowed_vlans>
          <allowedvlans>1,18,20,22-23,28,1002</allowedvlans>
         </ROW_allowed_vlans>
        </TABLE_allowed_vlans>
        <TABLE_vtp_pruning>
         <ROW_vtp_pruning>
          <interface>Ethernet1/21</interface>
         </ROW_vtp_pruning>
        </TABLE_vtp_pruning>
        <TABLE_allowed_vlans>
         <ROW_allowed_vlans>
          <allowedvlans>1-4094</allowedvlans>
         </ROW_allowed_vlans>
        </TABLE_allowed_vlans>
        <TABLE_vtp_pruning>
         <ROW_vtp_pruning>
          <interface>Ethernet1/27</interface>
         </ROW_vtp_pruning>
        </TABLE_vtp_pruning>
        <TABLE_allowed_vlans>
         <ROW_allowed_vlans>
          <allowedvlans>1,20,23,28,1002</allowedvlans>
         </ROW_allowed_vlans>
        </TABLE_allowed_vlans>
        <TABLE_vtp_pruning>
         <ROW_vtp_pruning>
          <interface>Ethernet1/29</interface>
         </ROW_vtp_pruning>
        </TABLE_vtp_pruning>
        <TABLE_allowed_vlans>
         <ROW_allowed_vlans>
          <allowedvlans>1,17-18,20,22-24,28</allowedvlans>
         </ROW_allowed_vlans>
        </TABLE_allowed_vlans>
        <TABLE_vtp_pruning>
         <ROW_vtp_pruning>
          <interface>Ethernet1/30</interface>
         </ROW_vtp_pruning>
        </TABLE_vtp_pruning>
        <TABLE_allowed_vlans>
         <ROW_allowed_vlans>
          <allowedvlans>1,17-18,20,22-24,28</allowedvlans>
         </ROW_allowed_vlans>
        </TABLE_allowed_vlans>
        <TABLE_vtp_pruning>
         <ROW_vtp_pruning>
          <interface>Ethernet1/31</interface>
         </ROW_vtp_pruning>
        </TABLE_vtp_pruning>
        <TABLE_allowed_vlans>
         <ROW_allowed_vlans>
          <allowedvlans>1,18,20,22-23,28,1002</allowedvlans>
         </ROW_allowed_vlans>
        </TABLE_allowed_vlans>
        <TABLE_vtp_pruning>
         <ROW_vtp_pruning>
          <interface>port-channel125</interface>
         </ROW_vtp_pruning>
        </TABLE_vtp_pruning>
        <TABLE_allowed_vlans>
         <ROW_allowed_vlans>
          <allowedvlans>1,17-18,20,22-24,28</allowedvlans>
         </ROW_allowed_vlans>
        </TABLE_allowed_vlans>
        <TABLE_vtp_pruning>
         <ROW_vtp_pruning>
          <interface>port-channel128</interface>
         </ROW_vtp_pruning>
        </TABLE_vtp_pruning>
        <TABLE_allowed_vlans>
         <ROW_allowed_vlans>
          <allowedvlans>1,18,20,22-23,28,1002</allowedvlans>
         </ROW_allowed_vlans>
        </TABLE_allowed_vlans>
        <TABLE_vtp_pruning>
         <ROW_vtp_pruning>
          <interface>Ethernet102/1/1</interface>
         </ROW_vtp_pruning>
        </TABLE_vtp_pruning>
        <TABLE_allowed_vlans>
         <ROW_allowed_vlans>
          <allowedvlans>20,22-24,28,1002</allowedvlans>
         </ROW_allowed_vlans>
        </TABLE_allowed_vlans>
        <TABLE_vtp_pruning>
         <ROW_vtp_pruning>
          <interface>Ethernet102/1/2</interface>
         </ROW_vtp_pruning>
        </TABLE_vtp_pruning>
        <TABLE_allowed_vlans>
         <ROW_allowed_vlans>
          <allowedvlans>1-4094</allowedvlans>
         </ROW_allowed_vlans>
        </TABLE_allowed_vlans>
        <TABLE_vtp_pruning>
         <ROW_vtp_pruning>
          <interface>Ethernet102/1/3</interface>
         </ROW_vtp_pruning>
        </TABLE_vtp_pruning>
        <TABLE_allowed_vlans>
         <ROW_allowed_vlans>
          <allowedvlans>1-4094</allowedvlans>
         </ROW_allowed_vlans>
        </TABLE_allowed_vlans>
        <TABLE_vtp_pruning>
         <ROW_vtp_pruning>
          <interface>Ethernet1/17</interface>
         </ROW_vtp_pruning>
        </TABLE_vtp_pruning>
        <TABLE_errored_vlans>
         <ROW_errored_vlans>
          <erroredvlans>none</erroredvlans>
         </ROW_errored_vlans>
        </TABLE_errored_vlans>
        <TABLE_vtp_pruning>
         <ROW_vtp_pruning>
          <interface>Ethernet1/19</interface>
         </ROW_vtp_pruning>
        </TABLE_vtp_pruning>
        <TABLE_errored_vlans>
         <ROW_errored_vlans>
          <erroredvlans>none</erroredvlans>
         </ROW_errored_vlans>
        </TABLE_errored_vlans>
        <TABLE_vtp_pruning>
         <ROW_vtp_pruning>
          <interface>Ethernet1/20</interface>
         </ROW_vtp_pruning>
        </TABLE_vtp_pruning>
        <TABLE_errored_vlans>
         <ROW_errored_vlans>
          <erroredvlans>none</erroredvlans>
         </ROW_errored_vlans>
        </TABLE_errored_vlans>
        <TABLE_vtp_pruning>
         <ROW_vtp_pruning>
          <interface>Ethernet1/21</interface>
         </ROW_vtp_pruning>
        </TABLE_vtp_pruning>
        <TABLE_errored_vlans>
         <ROW_errored_vlans>
          <erroredvlans>none</erroredvlans>
         </ROW_errored_vlans>
        </TABLE_errored_vlans>
        <TABLE_vtp_pruning>
         <ROW_vtp_pruning>
          <interface>Ethernet1/27</interface>
         </ROW_vtp_pruning>
        </TABLE_vtp_pruning>
        <TABLE_errored_vlans>
         <ROW_errored_vlans>
          <erroredvlans>none</erroredvlans>
         </ROW_errored_vlans>
        </TABLE_errored_vlans>
        <TABLE_vtp_pruning>
         <ROW_vtp_pruning>
          <interface>Ethernet1/29</interface>
         </ROW_vtp_pruning>
        </TABLE_vtp_pruning>
        <TABLE_errored_vlans>
         <ROW_errored_vlans>
          <erroredvlans>none</erroredvlans>
         </ROW_errored_vlans>
        </TABLE_errored_vlans>
        <TABLE_vtp_pruning>
         <ROW_vtp_pruning>
          <interface>Ethernet1/30</interface>
         </ROW_vtp_pruning>
        </TABLE_vtp_pruning>
        <TABLE_errored_vlans>
         <ROW_errored_vlans>
          <erroredvlans>none</erroredvlans>
         </ROW_errored_vlans>
        </TABLE_errored_vlans>
        <TABLE_vtp_pruning>
         <ROW_vtp_pruning>
          <interface>Ethernet1/31</interface>
         </ROW_vtp_pruning>
        </TABLE_vtp_pruning>
        <TABLE_errored_vlans>
         <ROW_errored_vlans>
          <erroredvlans>none</erroredvlans>
         </ROW_errored_vlans>
        </TABLE_errored_vlans>
        <TABLE_vtp_pruning>
         <ROW_vtp_pruning>
          <interface>port-channel125</interface>
         </ROW_vtp_pruning>
        </TABLE_vtp_pruning>
        <TABLE_errored_vlans>
         <ROW_errored_vlans>
          <erroredvlans>none</erroredvlans>
         </ROW_errored_vlans>
        </TABLE_errored_vlans>
        <TABLE_vtp_pruning>
         <ROW_vtp_pruning>
          <interface>port-channel128</interface>
         </ROW_vtp_pruning>
        </TABLE_vtp_pruning>
        <TABLE_errored_vlans>
         <ROW_errored_vlans>
          <erroredvlans>none</erroredvlans>
         </ROW_errored_vlans>
        </TABLE_errored_vlans>
        <TABLE_vtp_pruning>
         <ROW_vtp_pruning>
          <interface>Ethernet102/1/1</interface>
         </ROW_vtp_pruning>
        </TABLE_vtp_pruning>
        <TABLE_errored_vlans>
         <ROW_errored_vlans>
          <erroredvlans>none</erroredvlans>
         </ROW_errored_vlans>
        </TABLE_errored_vlans>
        <TABLE_vtp_pruning>
         <ROW_vtp_pruning>
          <interface>Ethernet102/1/2</interface>
         </ROW_vtp_pruning>
        </TABLE_vtp_pruning>
        <TABLE_errored_vlans>
         <ROW_errored_vlans>
          <erroredvlans>33,36-37,50,256</erroredvlans>
         </ROW_errored_vlans>
        </TABLE_errored_vlans>
        <TABLE_vtp_pruning>
         <ROW_vtp_pruning>
          <interface>Ethernet102/1/3</interface>
         </ROW_vtp_pruning>
        </TABLE_vtp_pruning>
        <TABLE_errored_vlans>
         <ROW_errored_vlans>
          <erroredvlans>33,36-37,50,256</erroredvlans>
         </ROW_errored_vlans>
        </TABLE_errored_vlans>
        <TABLE_vtp_pruning>
         <ROW_vtp_pruning>
          <interface>Ethernet1/17</interface>
         </ROW_vtp_pruning>
        </TABLE_vtp_pruning>
        <TABLE_stp_forward>
         <ROW_stp_forward>
          <stpfwd_vlans>18,20,22-23,28</stpfwd_vlans>
         </ROW_stp_forward>
        </TABLE_stp_forward>
        <TABLE_vtp_pruning>
         <ROW_vtp_pruning>
          <interface>Ethernet1/19</interface>
         </ROW_vtp_pruning>
        </TABLE_vtp_pruning>
        <TABLE_stp_forward>
         <ROW_stp_forward>
          <stpfwd_vlans>18,20,22-23,28</stpfwd_vlans>
         </ROW_stp_forward>
        </TABLE_stp_forward>
        <TABLE_vtp_pruning>
         <ROW_vtp_pruning>
          <interface>Ethernet1/20</interface>
         </ROW_vtp_pruning>
        </TABLE_vtp_pruning>
        <TABLE_stp_forward>
         <ROW_stp_forward>
          <stpfwd_vlans>1,18,20,22-23,28,1002</stpfwd_vlans>
         </ROW_stp_forward>
        </TABLE_stp_forward>
        <TABLE_vtp_pruning>
         <ROW_vtp_pruning>
          <interface>Ethernet1/21</interface>
         </ROW_vtp_pruning>
        </TABLE_vtp_pruning>
        <TABLE_stp_forward>
         <ROW_stp_forward>
          <stpfwd_vlans>none</stpfwd_vlans>
         </ROW_stp_forward>
        </TABLE_stp_forward>
        <TABLE_vtp_pruning>
         <ROW_vtp_pruning>
          <interface>Ethernet1/27</interface>
         </ROW_vtp_pruning>
        </TABLE_vtp_pruning>
        <TABLE_stp_forward>
         <ROW_stp_forward>
          <stpfwd_vlans>1,20,23,28,1002</stpfwd_vlans>
         </ROW_stp_forward>
        </TABLE_stp_forward>
        <TABLE_vtp_pruning>
         <ROW_vtp_pruning>
          <interface>Ethernet1/29</interface>
         </ROW_vtp_pruning>
        </TABLE_vtp_pruning>
        <TABLE_stp_forward>
         <ROW_stp_forward>
          <stpfwd_vlans>1,18,20,22-24,28</stpfwd_vlans>
         </ROW_stp_forward>
        </TABLE_stp_forward>
        <TABLE_vtp_pruning>
         <ROW_vtp_pruning>
          <interface>Ethernet1/30</interface>
         </ROW_vtp_pruning>
        </TABLE_vtp_pruning>
        <TABLE_stp_forward>
         <ROW_stp_forward>
          <stpfwd_vlans>1,18,20,22-24,28</stpfwd_vlans>
         </ROW_stp_forward>
        </TABLE_stp_forward>
        <TABLE_vtp_pruning>
         <ROW_vtp_pruning>
          <interface>Ethernet1/31</interface>
         </ROW_vtp_pruning>
        </TABLE_vtp_pruning>
        <TABLE_stp_forward>
         <ROW_stp_forward>
          <stpfwd_vlans>1,18,20,22-23,28</stpfwd_vlans>
         </ROW_stp_forward>
        </TABLE_stp_forward>
        <TABLE_vtp_pruning>
         <ROW_vtp_pruning>
          <interface>port-channel125</interface>
         </ROW_vtp_pruning>
        </TABLE_vtp_pruning>
        <TABLE_stp_forward>
         <ROW_stp_forward>
          <stpfwd_vlans>1,18,20,22-24,28</stpfwd_vlans>
         </ROW_stp_forward>
        </TABLE_stp_forward>
        <TABLE_vtp_pruning>
         <ROW_vtp_pruning>
          <interface>port-channel128</interface>
         </ROW_vtp_pruning>
        </TABLE_vtp_pruning>
        <TABLE_stp_forward>
         <ROW_stp_forward>
          <stpfwd_vlans>1,18,20,22-23,28</stpfwd_vlans>
         </ROW_stp_forward>
        </TABLE_stp_forward>
        <TABLE_vtp_pruning>
         <ROW_vtp_pruning>
          <interface>Ethernet102/1/1</interface>
         </ROW_vtp_pruning>
        </TABLE_vtp_pruning>
        <TABLE_stp_forward>
         <ROW_stp_forward>
          <stpfwd_vlans>20,22-24,28</stpfwd_vlans>
         </ROW_stp_forward>
        </TABLE_stp_forward>
        <TABLE_vtp_pruning>
         <ROW_vtp_pruning>
          <interface>Ethernet102/1/2</interface>
         </ROW_vtp_pruning>
        </TABLE_vtp_pruning>
        <TABLE_stp_forward>
         <ROW_stp_forward>
          <stpfwd_vlans>1,18,20,22-24,28</stpfwd_vlans>
         </ROW_stp_forward>
        </TABLE_stp_forward>
        <TABLE_vtp_pruning>
         <ROW_vtp_pruning>
          <interface>Ethernet102/1/3</interface>
         </ROW_vtp_pruning>
        </TABLE_vtp_pruning>
        <TABLE_stp_forward>
         <ROW_stp_forward>
          <stpfwd_vlans>1,18,20,22-24,28</stpfwd_vlans>
         </ROW_stp_forward>
        </TABLE_stp_forward>
        <TABLE_vtp_pruning>
         <ROW_vtp_pruning>
          <interface>Ethernet1/17</interface>
         </ROW_vtp_pruning>
        </TABLE_vtp_pruning>
        <TABLE_fabricpath_vlans>
         <ROW_fabricpath_vlans>
          <fabricpath_vlans>none</fabricpath_vlans>
         </ROW_fabricpath_vlans>
        </TABLE_fabricpath_vlans>
        <TABLE_vtp_pruning>
         <ROW_vtp_pruning>
          <interface>Ethernet1/19</interface>
         </ROW_vtp_pruning>
        </TABLE_vtp_pruning>
        <TABLE_fabricpath_vlans>
         <ROW_fabricpath_vlans>
          <fabricpath_vlans>none</fabricpath_vlans>
         </ROW_fabricpath_vlans>
        </TABLE_fabricpath_vlans>
        <TABLE_vtp_pruning>
         <ROW_vtp_pruning>
          <interface>Ethernet1/20</interface>
         </ROW_vtp_pruning>
        </TABLE_vtp_pruning>
        <TABLE_fabricpath_vlans>
         <ROW_fabricpath_vlans>
          <fabricpath_vlans>none</fabricpath_vlans>
         </ROW_fabricpath_vlans>
        </TABLE_fabricpath_vlans>
        <TABLE_vtp_pruning>
         <ROW_vtp_pruning>
          <interface>Ethernet1/21</interface>
         </ROW_vtp_pruning>
        </TABLE_vtp_pruning>
        <TABLE_fabricpath_vlans>
         <ROW_fabricpath_vlans>
          <fabricpath_vlans>none</fabricpath_vlans>
         </ROW_fabricpath_vlans>
        </TABLE_fabricpath_vlans>
        <TABLE_vtp_pruning>
         <ROW_vtp_pruning>
          <interface>Ethernet1/27</interface>
         </ROW_vtp_pruning>
        </TABLE_vtp_pruning>
        <TABLE_fabricpath_vlans>
         <ROW_fabricpath_vlans>
          <fabricpath_vlans>none</fabricpath_vlans>
         </ROW_fabricpath_vlans>
        </TABLE_fabricpath_vlans>
        <TABLE_vtp_pruning>
         <ROW_vtp_pruning>
          <interface>Ethernet1/29</interface>
         </ROW_vtp_pruning>
        </TABLE_vtp_pruning>
        <TABLE_fabricpath_vlans>
         <ROW_fabricpath_vlans>
          <fabricpath_vlans>none</fabricpath_vlans>
         </ROW_fabricpath_vlans>
        </TABLE_fabricpath_vlans>
        <TABLE_vtp_pruning>
         <ROW_vtp_pruning>
          <interface>Ethernet1/30</interface>
         </ROW_vtp_pruning>
        </TABLE_vtp_pruning>
        <TABLE_fabricpath_vlans>
         <ROW_fabricpath_vlans>
          <fabricpath_vlans>none</fabricpath_vlans>
         </ROW_fabricpath_vlans>
        </TABLE_fabricpath_vlans>
        <TABLE_vtp_pruning>
         <ROW_vtp_pruning>
          <interface>Ethernet1/31</interface>
         </ROW_vtp_pruning>
        </TABLE_vtp_pruning>
        <TABLE_fabricpath_vlans>
         <ROW_fabricpath_vlans>
          <fabricpath_vlans>none</fabricpath_vlans>
         </ROW_fabricpath_vlans>
        </TABLE_fabricpath_vlans>
        <TABLE_vtp_pruning>
         <ROW_vtp_pruning>
          <interface>port-channel125</interface>
         </ROW_vtp_pruning>
        </TABLE_vtp_pruning>
        <TABLE_fabricpath_vlans>
         <ROW_fabricpath_vlans>
          <fabricpath_vlans>none</fabricpath_vlans>
         </ROW_fabricpath_vlans>
        </TABLE_fabricpath_vlans>
        <TABLE_vtp_pruning>
         <ROW_vtp_pruning>
          <interface>port-channel128</interface>
         </ROW_vtp_pruning>
        </TABLE_vtp_pruning>
        <TABLE_fabricpath_vlans>
         <ROW_fabricpath_vlans>
          <fabricpath_vlans>none</fabricpath_vlans>
         </ROW_fabricpath_vlans>
        </TABLE_fabricpath_vlans>
        <TABLE_vtp_pruning>
         <ROW_vtp_pruning>
          <interface>Ethernet102/1/1</interface>
         </ROW_vtp_pruning>
        </TABLE_vtp_pruning>
        <TABLE_fabricpath_vlans>
         <ROW_fabricpath_vlans>
          <fabricpath_vlans>none</fabricpath_vlans>
         </ROW_fabricpath_vlans>
        </TABLE_fabricpath_vlans>
        <TABLE_vtp_pruning>
         <ROW_vtp_pruning>
          <interface>Ethernet102/1/2</interface>
         </ROW_vtp_pruning>
        </TABLE_vtp_pruning>
        <TABLE_fabricpath_vlans>
         <ROW_fabricpath_vlans>
          <fabricpath_vlans>none</fabricpath_vlans>
         </ROW_fabricpath_vlans>
        </TABLE_fabricpath_vlans>
        <TABLE_vtp_pruning>
         <ROW_vtp_pruning>
          <interface>Ethernet102/1/3</interface>
         </ROW_vtp_pruning>
        </TABLE_vtp_pruning>
        <TABLE_fabricpath_vlans>
         <ROW_fabricpath_vlans>
          <fabricpath_vlans>none</fabricpath_vlans>
         </ROW_fabricpath_vlans>
        </TABLE_fabricpath_vlans>
       </__readonly__>
      </__XML__OPT_Cmd_show_interface_trunk___readonly__>
     </__XML__OPT_Cmd_show_interface_trunk_module>
    </trunk>
   </interface>
  </show>
 </nf:data>
</nf:rpc-reply>
