<?xml version="1.0" encoding="ISO-8859-1"?>
<nf:rpc-reply xmlns:nf="urn:ietf:params:xml:ns:netconf:base:1.0" xmlns="http://www.cisco.com/nxos:1.0:vlan_mgr_cli">
 <nf:data>
  <show>
   <vlan>
    <brief>
     <__XML__OPT_Cmd_show_vlan_brief___readonly__>
      <__readonly__>
       <TABLE_vlanbriefxbrief>
        <ROW_vlanbriefxbrief>
         <vlanshowbr-vlanid>1</vlanshowbr-vlanid>
         <vlanshowbr-vlanid-utf>1</vlanshowbr-vlanid-utf>
         <vlanshowbr-vlanname>default</vlanshowbr-vlanname>
         <vlanshowbr-vlanstate>active</vlanshowbr-vlanstate>
         <vlanshowbr-shutstate>noshutdown</vlanshowbr-shutstate>
         <vlanshowplist-ifidx>port-channel125,port-channel128,Ethernet1/1-8,Ethernet1/10-16,Ethernet1/18,Ethernet1/20-32,Ethernet102/1/2,Ethernet102/1/3-16</vlanshowplist-ifidx>
        </ROW_vlanbriefxbrief>
        <ROW_vlanbriefxbrief>
         <vlanshowbr-vlanid>18</vlanshowbr-vlanid>
         <vlanshowbr-vlanid-utf>18</vlanshowbr-vlanid-utf>
         <vlanshowbr-vlanname>VLAN_18</vlanshowbr-vlanname>
         <vlanshowbr-vlanstate>active</vlanshowbr-vlanstate>
         <vlanshowbr-shutstate>noshutdown</vlanshowbr-shutstate>
         <vlanshowplist-ifidx>port-channel125,port-channel128,Ethernet1/17,Ethernet1/19-21,Ethernet1/29-31,Ethernet102/1/2,Ethernet102/1/3</vlanshowplist-ifidx>
        </ROW_vlanbriefxbrief>
        <ROW_vlanbriefxbrief>
         <vlanshowbr-vlanid>20</vlanshowbr-vlanid>
         <vlanshowbr-vlanid-utf>20</vlanshowbr-vlanid-utf>
         <vlanshowbr-vlanname>VLAN_20</vlanshowbr-vlanname>
         <vlanshowbr-vlanstate>active</vlanshowbr-vlanstate>
         <vlanshowbr-shutstate>noshutdown</vlanshowbr-shutstate>
         <vlanshowplist-ifidx>port-channel125,port-channel128,Ethernet1/17,Ethernet1/19-21,Ethernet1/27,Ethernet1/29-31,Ethernet102/1/1,Ethernet102/1/2-3</vlanshowplist-ifidx>
        </ROW_vlanbriefxbrief>
        <ROW_vlanbriefxbrief>
         <vlanshowbr-vlanid>22</vlanshowbr-vlanid>
         <vlanshowbr-vlanid-utf>22</vlanshowbr-vlanid-utf>
         <vlanshowbr-vlanname>VLAN_22</vlanshowbr-vlanname>
         <vlanshowbr-vlanstate>active</vlanshowbr-vlanstate>
         <vlanshowbr-shutstate>noshutdown</vlanshowbr-shutstate>
         <vlanshowplist-ifidx>port-channel125,port-channel128,Ethernet1/17,Ethernet1/19-21,Ethernet1/29-31,Ethernet102/1/1,Ethernet102/1/2-3</vlanshowplist-ifidx>
        </ROW_vlanbriefxbrief>
        <ROW_vlanbriefxbrief>
         <vlanshowbr-vlanid>23</vlanshowbr-vlanid>
         <vlanshowbr-vlanid-utf>23</vlanshowbr-vlanid-utf>
         <vlanshowbr-vlanname>VLAN_23</vlanshowbr-vlanname>
         <vlanshowbr-vlanstate>active</vlanshowbr-vlanstate>
         <vlanshowbr-shutstate>noshutdown</vlanshowbr-shutstate>
         <vlanshowplist-ifidx>port-channel125,port-channel128,Ethernet1/17,Ethernet1/19-21,Ethernet1/27,Ethernet1/29-31,Ethernet102/1/1,Ethernet102/1/2-3</vlanshowplist-ifidx>
        </ROW_vlanbriefxbrief>
        <ROW_vlanbriefxbrief>
         <vlanshowbr-vlanid>24</vlanshowbr-vlanid>
         <vlanshowbr-vlanid-utf>24</vlanshowbr-vlanid-utf>
         <vlanshowbr-vlanname>VLAN0024</vlanshowbr-vlanname>
         <vlanshowbr-vlanstate>active</vlanshowbr-vlanstate>
         <vlanshowbr-shutstate>noshutdown</vlanshowbr-shutstate>
         <vlanshowplist-ifidx>port-channel125,Ethernet1/21,Ethernet1/29-30,Ethernet102/1/1,Ethernet102/1/2-3</vlanshowplist-ifidx>
        </ROW_vlanbriefxbrief>
        <ROW_vlanbriefxbrief>
         <vlanshowbr-vlanid>28</vlanshowbr-vlanid>
         <vlanshowbr-vlanid-utf>28</vlanshowbr-vlanid-utf>
         <vlanshowbr-vlanname>VLAN_28</vlanshowbr-vlanname>
         <vlanshowbr-vlanstate>active</vlanshowbr-vlanstate>
         <vlanshowbr-shutstate>noshutdown</vlanshowbr-shutstate>
         <vlanshowplist-ifidx>port-channel125,port-channel128,Ethernet1/17,Ethernet1/19-21,Ethernet1/27,Ethernet1/29-31,Ethernet102/1/1,Ethernet102/1/2-3</vlanshowplist-ifidx>
        </ROW_vlanbriefxbrief>
        <ROW_vlanbriefxbrief>
         <vlanshowbr-vlanid>33</vlanshowbr-vlanid>
         <vlanshowbr-vlanid-utf>33</vlanshowbr-vlanid-utf>
         <vlanshowbr-vlanname>VLAN_33</vlanshowbr-vlanname>
         <vlanshowbr-vlanstate>active</vlanshowbr-vlanstate>
         <vlanshowbr-shutstate>noshutdown</vlanshowbr-shutstate>
         <vlanshowplist-ifidx>Ethernet1/21,Ethernet102/1/2,Ethernet102/1/3</vlanshowplist-ifidx>
        </ROW_vlanbriefxbrief>
        <ROW_vlanbriefxbrief>
         <vlanshowbr-vlanid>36</vlanshowbr-vlanid>
         <vlanshowbr-vlanid-utf>36</vlanshowbr-vlanid-utf>
         <vlanshowbr-vlanname>VLAN_36</vlanshowbr-vlanname>
         <vlanshowbr-vlanstate>active</vlanshowbr-vlanstate>
         <vlanshowbr-shutstate>noshutdown</vlanshowbr-shutstate>
         <vlanshowplist-ifidx>Ethernet1/21,Ethernet102/1/2,Ethernet102/1/3</vlanshowplist-ifidx>
        </ROW_vlanbriefxbrief>
        <ROW_vlanbriefxbrief>
         <vlanshowbr-vlanid>37</vlanshowbr-vlanid>
         <vlanshowbr-vlanid-utf>37</vlanshowbr-vlanid-utf>
         <vlanshowbr-vlanname>VLAN_37</vlanshowbr-vlanname>
         <vlanshowbr-vlanstate>active</vlanshowbr-vlanstate>
         <vlanshowbr-shutstate>noshutdown</vlanshowbr-shutstate>
         <vlanshowplist-ifidx>Ethernet1/21,Ethernet102/1/2,Ethernet102/1/3</vlanshowplist-ifidx>
        </ROW_vlanbriefxbrief>
        <ROW_vlanbriefxbrief>
         <vlanshowbr-vlanid>50</vlanshowbr-vlanid>
         <vlanshowbr-vlanid-utf>50</vlanshowbr-vlanid-utf>
         <vlanshowbr-vlanname>VLAN_50</vlanshowbr-vlanname>
         <vlanshowbr-vlanstate>active</vlanshowbr-vlanstate>
         <vlanshowbr-shutstate>noshutdown</vlanshowbr-shutstate>
         <vlanshowplist-ifidx>Ethernet1/21,Ethernet102/1/2,Ethernet102/1/3</vlanshowplist-ifidx>
        </ROW_vlanbriefxbrief>
        <ROW_vlanbriefxbrief>
         <vlanshowbr-vlanid>256</vlanshowbr-vlanid>
         <vlanshowbr-vlanid-utf>256</vlanshowbr-vlanid-utf>
         <vlanshowbr-vlanname>VLAN_256</vlanshowbr-vlanname>
         <vlanshowbr-vlanstate>active</vlanshowbr-vlanstate>
         <vlanshowbr-shutstate>noshutdown</vlanshowbr-shutstate>
         <vlanshowplist-ifidx>Ethernet1/21,Ethernet102/1/2,Ethernet102/1/3</vlanshowplist-ifidx>
        </ROW_vlanbriefxbrief>
        <ROW_vlanbriefxbrief>
         <vlanshowbr-vlanid>1002</vlanshowbr-vlanid>
         <vlanshowbr-vlanid-utf>1002</vlanshowbr-vlanid-utf>
         <vlanshowbr-vlanname>VLAN_1002</vlanshowbr-vlanname>
         <vlanshowbr-vlanstate>active</vlanshowbr-vlanstate>
         <vlanshowbr-shutstate>noshutdown</vlanshowbr-shutstate>
         <vlanshowplist-ifidx>port-channel128,Ethernet1/17,Ethernet1/19-21,Ethernet1/27,Ethernet1/31,Ethernet102/1/1,Ethernet102/1/2-3</vlanshowplist-ifidx>
        </ROW_vlanbriefxbrief>
       </TABLE_vlanbriefxbrief>
      </__readonly__>
     </__XML__OPT_Cmd_show_vlan_brief___readonly__>
    </brief>
   </vlan>
  </show>
 </nf:data>
</nf:rpc-reply>
